2015-10-09 14:59:42 Error: [MissingControllerException] Controller class ShopController could not be found.
Exception Attributes: array (
  'class' => 'ShopController',
  'plugin' => NULL,
)
Request URL: /ShopAreaWiki/Shop
Stack Trace:
#0 /Applications/MAMP/htdocs/ShopAreaWiki/index.php(119): Dispatcher->dispatch(Object(CakeRequest), Object(CakeResponse))
#1 {main}
2015-10-09 15:00:48 Error: [MissingControllerException] Controller class SearchController could not be found.
Exception Attributes: array (
  'class' => 'SearchController',
  'plugin' => NULL,
)
Request URL: /ShopAreaWiki/search
Stack Trace:
#0 /Applications/MAMP/htdocs/ShopAreaWiki/index.php(119): Dispatcher->dispatch(Object(CakeRequest), Object(CakeResponse))
#1 {main}
2015-10-09 15:01:15 Error: [MissingControllerException] Controller class SearchController could not be found.
Exception Attributes: array (
  'class' => 'SearchController',
  'plugin' => NULL,
)
Request URL: /ShopAreaWiki/search
Stack Trace:
#0 /Applications/MAMP/htdocs/ShopAreaWiki/index.php(119): Dispatcher->dispatch(Object(CakeRequest), Object(CakeResponse))
#1 {main}
2015-10-09 15:01:22 Error: [MissingControllerException] Controller class SearchController could not be found.
Exception Attributes: array (
  'class' => 'SearchController',
  'plugin' => NULL,
)
Request URL: /ShopAreaWiki/search
Stack Trace:
#0 /Applications/MAMP/htdocs/ShopAreaWiki/index.php(119): Dispatcher->dispatch(Object(CakeRequest), Object(CakeResponse))
#1 {main}
2015-10-09 15:01:44 Error: [MissingControllerException] Controller class SearchController could not be found.
Exception Attributes: array (
  'class' => 'SearchController',
  'plugin' => NULL,
)
Request URL: /ShopAreaWiki/search
Stack Trace:
#0 /Applications/MAMP/htdocs/ShopAreaWiki/index.php(119): Dispatcher->dispatch(Object(CakeRequest), Object(CakeResponse))
#1 {main}
2015-10-09 15:03:25 Error: [MissingControllerException] Controller class SearchController could not be found.
Exception Attributes: array (
  'class' => 'SearchController',
  'plugin' => NULL,
)
Request URL: /ShopAreaWiki/search
Stack Trace:
#0 /Applications/MAMP/htdocs/ShopAreaWiki/index.php(119): Dispatcher->dispatch(Object(CakeRequest), Object(CakeResponse))
#1 {main}
2015-10-09 15:06:06 Error: [MissingControllerException] Controller class SearchController could not be found.
Exception Attributes: array (
  'class' => 'SearchController',
  'plugin' => NULL,
)
Request URL: /ShopAreaWiki/search
Stack Trace:
#0 /Applications/MAMP/htdocs/ShopAreaWiki/index.php(119): Dispatcher->dispatch(Object(CakeRequest), Object(CakeResponse))
#1 {main}
2015-10-09 15:07:06 Error: [MissingControllerException] Controller class ImgController could not be found.
Exception Attributes: array (
  'class' => 'ImgController',
  'plugin' => NULL,
)
Request URL: /ShopAreaWiki/img/shop_images/2.jpg
Stack Trace:
#0 /Applications/MAMP/htdocs/ShopAreaWiki/index.php(119): Dispatcher->dispatch(Object(CakeRequest), Object(CakeResponse))
#1 {main}
2015-10-09 15:07:28 Error: [MissingControllerException] Controller class ImgController could not be found.
Exception Attributes: array (
  'class' => 'ImgController',
  'plugin' => NULL,
)
Request URL: /ShopAreaWiki/img/shop_images/1.jpg
Stack Trace:
#0 /Applications/MAMP/htdocs/ShopAreaWiki/index.php(119): Dispatcher->dispatch(Object(CakeRequest), Object(CakeResponse))
#1 {main}
2015-10-09 15:07:34 Error: [MissingControllerException] Controller class ImgController could not be found.
Exception Attributes: array (
  'class' => 'ImgController',
  'plugin' => NULL,
)
Request URL: /ShopAreaWiki/img/shop_images/2.jpg
Stack Trace:
#0 /Applications/MAMP/htdocs/ShopAreaWiki/index.php(119): Dispatcher->dispatch(Object(CakeRequest), Object(CakeResponse))
#1 {main}
2015-10-09 15:12:50 Error: [MissingControllerException] Controller class ImgController could not be found.
Exception Attributes: array (
  'class' => 'ImgController',
  'plugin' => NULL,
)
Request URL: /ShopAreaWiki/img/shop_images/1.jpg
Stack Trace:
#0 /Applications/MAMP/htdocs/ShopAreaWiki/index.php(119): Dispatcher->dispatch(Object(CakeRequest), Object(CakeResponse))
#1 {main}
